-------------------------------------------------------------------------------
Test set: com.thinkconstructive.restdemo.controller.CloudVendorControllerTest
-------------------------------------------------------------------------------
Tests run: 5, Failures: 0, Errors: 5, Skipped: 0, Time elapsed: 5.914 s <<< FAILURE! - in com.thinkconstructive.restdemo.controller.CloudVendorControllerTest
getAllCloudVendorDetails  Time elapsed: 0.002 s  <<< ERROR!
java.lang.IllegalStateException: Failed to load ApplicationContext
Caused by: org.springframework.beans.factory.UnsatisfiedDependencyException: Error creating bean with name 'webEndpointServletHandlerMapping' defined in com.thinkconstructive.restdemo.RestDemoApplication: Unsatisfied dependency expressed through method 'webEndpointServletHandlerMapping' parameter 0; nested exception is org.springframework.beans.factory.NoSuchBeanDefinitionException: No qualifying bean of type 'org.springframework.boot.actuate.endpoint.web.WebEndpointsSupplier' available: expected at least 1 bean which qualifies as autowire candidate. Dependency annotations: {}
Caused by: org.springframework.beans.factory.NoSuchBeanDefinitionException: No qualifying bean of type 'org.springframework.boot.actuate.endpoint.web.WebEndpointsSupplier' available: expected at least 1 bean which qualifies as autowire candidate. Dependency annotations: {}

createCloudVendorDetails  Time elapsed: 0 s  <<< ERROR!
java.lang.IllegalStateException: Failed to load ApplicationContext
Caused by: org.springframework.beans.factory.UnsatisfiedDependencyException: Error creating bean with name 'webEndpointServletHandlerMapping' defined in com.thinkconstructive.restdemo.RestDemoApplication: Unsatisfied dependency expressed through method 'webEndpointServletHandlerMapping' parameter 0; nested exception is org.springframework.beans.factory.NoSuchBeanDefinitionException: No qualifying bean of type 'org.springframework.boot.actuate.endpoint.web.WebEndpointsSupplier' available: expected at least 1 bean which qualifies as autowire candidate. Dependency annotations: {}
Caused by: org.springframework.beans.factory.NoSuchBeanDefinitionException: No qualifying bean of type 'org.springframework.boot.actuate.endpoint.web.WebEndpointsSupplier' available: expected at least 1 bean which qualifies as autowire candidate. Dependency annotations: {}

deleteCloudVendorDetails  Time elapsed: 0 s  <<< ERROR!
java.lang.IllegalStateException: Failed to load ApplicationContext
Caused by: org.springframework.beans.factory.UnsatisfiedDependencyException: Error creating bean with name 'webEndpointServletHandlerMapping' defined in com.thinkconstructive.restdemo.RestDemoApplication: Unsatisfied dependency expressed through method 'webEndpointServletHandlerMapping' parameter 0; nested exception is org.springframework.beans.factory.NoSuchBeanDefinitionException: No qualifying bean of type 'org.springframework.boot.actuate.endpoint.web.WebEndpointsSupplier' available: expected at least 1 bean which qualifies as autowire candidate. Dependency annotations: {}
Caused by: org.springframework.beans.factory.NoSuchBeanDefinitionException: No qualifying bean of type 'org.springframework.boot.actuate.endpoint.web.WebEndpointsSupplier' available: expected at least 1 bean which qualifies as autowire candidate. Dependency annotations: {}

getCloudVendorDetails  Time elapsed: 0 s  <<< ERROR!
java.lang.IllegalStateException: Failed to load ApplicationContext
Caused by: org.springframework.beans.factory.UnsatisfiedDependencyException: Error creating bean with name 'webEndpointServletHandlerMapping' defined in com.thinkconstructive.restdemo.RestDemoApplication: Unsatisfied dependency expressed through method 'webEndpointServletHandlerMapping' parameter 0; nested exception is org.springframework.beans.factory.NoSuchBeanDefinitionException: No qualifying bean of type 'org.springframework.boot.actuate.endpoint.web.WebEndpointsSupplier' available: expected at least 1 bean which qualifies as autowire candidate. Dependency annotations: {}
Caused by: org.springframework.beans.factory.NoSuchBeanDefinitionException: No qualifying bean of type 'org.springframework.boot.actuate.endpoint.web.WebEndpointsSupplier' available: expected at least 1 bean which qualifies as autowire candidate. Dependency annotations: {}

updateCloudVendorDetails  Time elapsed: 0 s  <<< ERROR!
java.lang.IllegalStateException: Failed to load ApplicationContext
Caused by: org.springframework.beans.factory.UnsatisfiedDependencyException: Error creating bean with name 'webEndpointServletHandlerMapping' defined in com.thinkconstructive.restdemo.RestDemoApplication: Unsatisfied dependency expressed through method 'webEndpointServletHandlerMapping' parameter 0; nested exception is org.springframework.beans.factory.NoSuchBeanDefinitionException: No qualifying bean of type 'org.springframework.boot.actuate.endpoint.web.WebEndpointsSupplier' available: expected at least 1 bean which qualifies as autowire candidate. Dependency annotations: {}
Caused by: org.springframework.beans.factory.NoSuchBeanDefinitionException: No qualifying bean of type 'org.springframework.boot.actuate.endpoint.web.WebEndpointsSupplier' available: expected at least 1 bean which qualifies as autowire candidate. Dependency annotations: {}

