-------------------------------------------------------------------------------
Test set: com.thinkconstructive.restdemo.repository.CloudVendorRepositoryTest
-------------------------------------------------------------------------------
Tests run: 2, Failures: 0, Errors: 2, Skipped: 0, Time elapsed: 3.968 s <<< FAILURE! - in com.thinkconstructive.restdemo.repository.CloudVendorRepositoryTest
testFindByVendorName_NotFound  Time elapsed: 0 s  <<< ERROR!
java.lang.IllegalStateException: Failed to load ApplicationContext
Caused by: org.springframework.beans.factory.UnsatisfiedDependencyException: Error creating bean with name 'webEndpointServletHandlerMapping' defined in com.thinkconstructive.restdemo.RestDemoApplication: Unsatisfied dependency expressed through method 'webEndpointServletHandlerMapping' parameter 0; nested exception is org.springframework.beans.factory.NoSuchBeanDefinitionException: No qualifying bean of type 'org.springframework.boot.actuate.endpoint.web.WebEndpointsSupplier' available: expected at least 1 bean which qualifies as autowire candidate. Dependency annotations: {}
Caused by: org.springframework.beans.factory.NoSuchBeanDefinitionException: No qualifying bean of type 'org.springframework.boot.actuate.endpoint.web.WebEndpointsSupplier' available: expected at least 1 bean which qualifies as autowire candidate. Dependency annotations: {}

testFindByVendorName_Found  Time elapsed: 0 s  <<< ERROR!
java.lang.IllegalStateException: Failed to load ApplicationContext
Caused by: org.springframework.beans.factory.UnsatisfiedDependencyException: Error creating bean with name 'webEndpointServletHandlerMapping' defined in com.thinkconstructive.restdemo.RestDemoApplication: Unsatisfied dependency expressed through method 'webEndpointServletHandlerMapping' parameter 0; nested exception is org.springframework.beans.factory.NoSuchBeanDefinitionException: No qualifying bean of type 'org.springframework.boot.actuate.endpoint.web.WebEndpointsSupplier' available: expected at least 1 bean which qualifies as autowire candidate. Dependency annotations: {}
Caused by: org.springframework.beans.factory.NoSuchBeanDefinitionException: No qualifying bean of type 'org.springframework.boot.actuate.endpoint.web.WebEndpointsSupplier' available: expected at least 1 bean which qualifies as autowire candidate. Dependency annotations: {}

