-------------------------------------------------------------------------------
Test set: Sahil.restdemo.RestDemoApplicationTests
-------------------------------------------------------------------------------
Tests run: 1, Failures: 0, Errors: 1, Skipped: 0, Time elapsed: 0.186 s <<< FAILURE! - in Sahil.restdemo.RestDemoApplicationTests
Sahil.restdemo.RestDemoApplicationTests  Time elapsed: 0.185 s  <<< ERROR!
java.lang.IllegalStateException: Unable to find a @SpringBootConfiguration, you need to use @ContextConfiguration or @SpringBootTest(classes=...) with your test

